0 info it worked if it ends with ok
1 verbose cli [ 'node', '/usr/local/bin/npm', 'install', '-g', 'cowsay' ]
2 info using npm@1.4.28
3 info using node@v0.10.33
4 verbose cache add [ 'cowsay', null ]
5 verbose cache add name=undefined spec="cowsay" args=["cowsay",null]
6 verbose parsed url { protocol: null,
6 verbose parsed url   slashes: null,
6 verbose parsed url   auth: null,
6 verbose parsed url   host: null,
6 verbose parsed url   port: null,
6 verbose parsed url   hostname: null,
6 verbose parsed url   hash: null,
6 verbose parsed url   search: null,
6 verbose parsed url   query: null,
6 verbose parsed url   pathname: 'cowsay',
6 verbose parsed url   path: 'cowsay',
6 verbose parsed url   href: 'cowsay' }
7 silly lockFile b1b9f37c-cowsay cowsay
8 verbose lock cowsay /Users/lauren/.npm/b1b9f37c-cowsay.lock
9 silly lockFile b1b9f37c-cowsay cowsay
10 silly lockFile b1b9f37c-cowsay cowsay
11 verbose addNamed [ 'cowsay', '' ]
12 verbose addNamed [ null, '*' ]
13 silly lockFile 7f264d92-cowsay cowsay@
14 verbose lock cowsay@ /Users/lauren/.npm/7f264d92-cowsay.lock
15 silly addNameRange { name: 'cowsay', range: '*', hasData: false }
16 verbose request where is /cowsay
17 verbose request registry https://registry.npmjs.org/
18 verbose request id e796659db40dcc86
19 verbose url raw /cowsay
20 verbose url resolving [ 'https://registry.npmjs.org/', './cowsay' ]
21 verbose url resolved https://registry.npmjs.org/cowsay
22 verbose request where is https://registry.npmjs.org/cowsay
23 info trying registry request attempt 1 at 12:09:28
24 verbose etag "32QJF7QFI7J6ZLZQP5Q28X8KS"
25 http GET https://registry.npmjs.org/cowsay
26 http 304 https://registry.npmjs.org/cowsay
27 silly registry.get cb [ 304,
27 silly registry.get   { date: 'Mon, 08 Dec 2014 17:09:28 GMT',
27 silly registry.get     server: 'Apache',
27 silly registry.get     via: '1.1 varnish',
27 silly registry.get     'last-modified': 'Mon, 08 Dec 2014 17:09:28 GMT',
27 silly registry.get     'cache-control': 'max-age=60',
27 silly registry.get     etag: '"32QJF7QFI7J6ZLZQP5Q28X8KS"',
27 silly registry.get     age: '12',
27 silly registry.get     'x-served-by': 'cache-atl6229-ATL',
27 silly registry.get     'x-cache': 'HIT',
27 silly registry.get     'x-cache-hits': '1',
27 silly registry.get     'x-timer': 'S1418058568.953856,VS0,VE0',
27 silly registry.get     vary: 'Accept',
27 silly registry.get     'content-length': '0',
27 silly registry.get     'keep-alive': 'timeout=10, max=50',
27 silly registry.get     connection: 'Keep-Alive' } ]
28 verbose etag https://registry.npmjs.org/cowsay from cache
29 silly addNameRange number 2 { name: 'cowsay', range: '*', hasData: true }
30 silly addNameRange versions [ 'cowsay', [ '1.0.0', '1.0.1', '1.0.2', '1.0.3' ] ]
31 verbose addNamed [ 'cowsay', '1.0.3' ]
32 verbose addNamed [ '1.0.3', '1.0.3' ]
33 silly lockFile 0c70c456-cowsay-1-0-3 cowsay@1.0.3
34 verbose lock cowsay@1.0.3 /Users/lauren/.npm/0c70c456-cowsay-1-0-3.lock
35 silly lockFile 0c70c456-cowsay-1-0-3 cowsay@1.0.3
36 silly lockFile 0c70c456-cowsay-1-0-3 cowsay@1.0.3
37 silly lockFile 7f264d92-cowsay cowsay@
38 silly lockFile 7f264d92-cowsay cowsay@
39 silly resolved [ { name: 'cowsay',
39 silly resolved     version: '1.0.3',
39 silly resolved     description: 'cowsay is a configurable talking cow',
39 silly resolved     keywords: [ 'cow', 'cowsay', 'cowthink', 'figlet', 'talking', 'ASCII' ],
39 silly resolved     homepage: 'https://github.com/piuccio/cowsay',
39 silly resolved     author:
39 silly resolved      { name: 'Fabio Crisci',
39 silly resolved        email: 'piuccio@gmail.com',
39 silly resolved        url: 'https://github.com/piuccio/' },
39 silly resolved     main: './index',
39 silly resolved     bin: { cowsay: './cli.js', cowthink: './cli.js' },
39 silly resolved     repository: { type: 'git', url: 'https://github.com/piuccio/cowsay.git' },
39 silly resolved     scripts: { test: 'node test.js' },
39 silly resolved     dependencies: { optimist: '~0.3.5' },
39 silly resolved     devDependencies: { nodeunit: '~0.7.4' },
39 silly resolved     engines: { node: '>=0.6.17' },
39 silly resolved     preferGlobal: true,
39 silly resolved     bugs: { url: 'https://github.com/piuccio/cowsay/issues' },
39 silly resolved     _id: 'cowsay@1.0.3',
39 silly resolved     dist:
39 silly resolved      { shasum: 'ae30666aa6d82e839fb6628845b57ecd3697a8d7',
39 silly resolved        tarball: 'http://registry.npmjs.org/cowsay/-/cowsay-1.0.3.tgz' },
39 silly resolved     _from: 'cowsay@',
39 silly resolved     _npmVersion: '1.3.5',
39 silly resolved     _npmUser: { name: 'piuccio', email: 'piuccio@gmail.com' },
39 silly resolved     maintainers: [ [Object] ],
39 silly resolved     directories: {},
39 silly resolved     _shasum: 'ae30666aa6d82e839fb6628845b57ecd3697a8d7',
39 silly resolved     _resolved: 'https://registry.npmjs.org/cowsay/-/cowsay-1.0.3.tgz',
39 silly resolved     readme: 'ERROR: No README data found!' } ]
40 info install cowsay@1.0.3 into /usr/local/lib
41 info installOne cowsay@1.0.3
42 verbose lib/node_modules/cowsay unbuild
43 verbose tar unpack /Users/lauren/.npm/cowsay/1.0.3/package.tgz
44 silly lockFile 27a336b6-sr-local-lib-node-modules-cowsay tar:///usr/local/lib/node_modules/cowsay
45 verbose lock tar:///usr/local/lib/node_modules/cowsay /Users/lauren/.npm/27a336b6-sr-local-lib-node-modules-cowsay.lock
46 silly lockFile 054347fd-ren-npm-cowsay-1-0-3-package-tgz tar:///Users/lauren/.npm/cowsay/1.0.3/package.tgz
47 verbose lock tar:///Users/lauren/.npm/cowsay/1.0.3/package.tgz /Users/lauren/.npm/054347fd-ren-npm-cowsay-1-0-3-package-tgz.lock
48 silly gunzTarPerm modes [ '755', '644' ]
49 error Error: EACCES, mkdir '/usr/local/lib/node_modules/cowsay'
49 error  { [Error: EACCES, mkdir '/usr/local/lib/node_modules/cowsay']
49 error   errno: 3,
49 error   code: 'EACCES',
49 error   path: '/usr/local/lib/node_modules/cowsay',
49 error   fstream_type: 'Directory',
49 error   fstream_path: '/usr/local/lib/node_modules/cowsay',
49 error   fstream_class: 'DirWriter',
49 error   fstream_stack:
49 error    [ '/usr/local/lib/node_modules/npm/node_modules/fstream/lib/dir-writer.js:36:23',
49 error      '/usr/local/lib/node_modules/npm/node_modules/mkdirp/index.js:46:53',
49 error      'Object.oncomplete (fs.js:107:15)' ] }
50 error Please try running this command again as root/Administrator.
51 error System Darwin 14.0.0
52 error command "node" "/usr/local/bin/npm" "install" "-g" "cowsay"
53 error cwd /Users/lauren/Documents/w04/d01
54 error node -v v0.10.33
55 error npm -v 1.4.28
56 error path /usr/local/lib/node_modules/cowsay
57 error fstream_path /usr/local/lib/node_modules/cowsay
58 error fstream_type Directory
59 error fstream_class DirWriter
60 error code EACCES
61 error errno 3
62 error stack Error: EACCES, mkdir '/usr/local/lib/node_modules/cowsay'
63 error fstream_stack /usr/local/lib/node_modules/npm/node_modules/fstream/lib/dir-writer.js:36:23
63 error fstream_stack /usr/local/lib/node_modules/npm/node_modules/mkdirp/index.js:46:53
63 error fstream_stack Object.oncomplete (fs.js:107:15)
64 verbose exit [ 3, true ]
